<?xml version="1.0" encoding="UTF-8"?>
<testsuite xmlns:xsi="http://www.w3.org/2001/XMLSchema-instance" xsi:noNamespaceSchemaLocation="https://maven.apache.org/surefire/maven-surefire-plugin/xsd/surefire-test-report.xsd" name="com.rgov.jsondot.JsonDotTest" time="0.386" tests="24" errors="0" skipped="0" failures="0">
  <properties>
    <property name="gopherProxySet" value="false"/>
    <property name="awt.toolkit" value="sun.lwawt.macosx.LWCToolkit"/>
    <property name="java.specification.version" value="11"/>
    <property name="sfdc.crl.check" value="false"/>
    <property name="sun.cpu.isalist" value=""/>
    <property name="sun.jnu.encoding" value="UTF-8"/>
    <property name="java.class.path" value="/Users/rgovindarasu/Desktop/jsondot/JsonDot/target/test-classes:/Users/rgovindarasu/Desktop/jsondot/JsonDot/target/classes:/Users/rgovindarasu/.m2/repository/org/json/json/20231013/json-20231013.jar:/Users/rgovindarasu/.m2/repository/com/fasterxml/jackson/core/jackson-databind/2.15.2/jackson-databind-2.15.2.jar:/Users/rgovindarasu/.m2/repository/com/fasterxml/jackson/core/jackson-annotations/2.15.2/jackson-annotations-2.15.2.jar:/Users/rgovindarasu/.m2/repository/com/fasterxml/jackson/core/jackson-core/2.15.2/jackson-core-2.15.2.jar:/Users/rgovindarasu/.m2/repository/com/fasterxml/jackson/dataformat/jackson-dataformat-xml/2.15.2/jackson-dataformat-xml-2.15.2.jar:/Users/rgovindarasu/.m2/repository/org/codehaus/woodstox/stax2-api/4.2.1/stax2-api-4.2.1.jar:/Users/rgovindarasu/.m2/repository/com/fasterxml/woodstox/woodstox-core/6.5.1/woodstox-core-6.5.1.jar:/Users/rgovindarasu/.m2/repository/junit/junit/4.13.2/junit-4.13.2.jar:/Users/rgovindarasu/.m2/repository/org/hamcrest/hamcrest-core/1.3/hamcrest-core-1.3.jar:"/>
    <property name="java.vm.vendor" value="Azul Systems, Inc."/>
    <property name="sun.arch.data.model" value="64"/>
    <property name="java.vendor.url" value="http://www.azul.com/"/>
    <property name="user.timezone" value="Asia/Kolkata"/>
    <property name="java.vm.specification.version" value="11"/>
    <property name="os.name" value="Mac OS X"/>
    <property name="sun.java.launcher" value="SUN_STANDARD"/>
    <property name="user.country" value="IN"/>
    <property name="sun.boot.library.path" value="/Users/rgovindarasu/blt/tools/Darwin/jdk/openjdk_11.0.21.0.102_11.69.52_x64/zulu-11.jdk/Contents/Home/lib"/>
    <property name="sun.java.command" value="/Users/rgovindarasu/Desktop/jsondot/JsonDot/target/surefire/surefirebooter2405468084390421723.jar /Users/rgovindarasu/Desktop/jsondot/JsonDot/target/surefire 2025-04-25T16-15-36_158-jvmRun1 surefire16894062536650506001tmp surefire_012086887056936970534tmp"/>
    <property name="jdk.debug" value="release"/>
    <property name="surefire.test.class.path" value="/Users/rgovindarasu/Desktop/jsondot/JsonDot/target/test-classes:/Users/rgovindarasu/Desktop/jsondot/JsonDot/target/classes:/Users/rgovindarasu/.m2/repository/org/json/json/20231013/json-20231013.jar:/Users/rgovindarasu/.m2/repository/com/fasterxml/jackson/core/jackson-databind/2.15.2/jackson-databind-2.15.2.jar:/Users/rgovindarasu/.m2/repository/com/fasterxml/jackson/core/jackson-annotations/2.15.2/jackson-annotations-2.15.2.jar:/Users/rgovindarasu/.m2/repository/com/fasterxml/jackson/core/jackson-core/2.15.2/jackson-core-2.15.2.jar:/Users/rgovindarasu/.m2/repository/com/fasterxml/jackson/dataformat/jackson-dataformat-xml/2.15.2/jackson-dataformat-xml-2.15.2.jar:/Users/rgovindarasu/.m2/repository/org/codehaus/woodstox/stax2-api/4.2.1/stax2-api-4.2.1.jar:/Users/rgovindarasu/.m2/repository/com/fasterxml/woodstox/woodstox-core/6.5.1/woodstox-core-6.5.1.jar:/Users/rgovindarasu/.m2/repository/junit/junit/4.13.2/junit-4.13.2.jar:/Users/rgovindarasu/.m2/repository/org/hamcrest/hamcrest-core/1.3/hamcrest-core-1.3.jar:"/>
    <property name="sun.cpu.endian" value="little"/>
    <property name="user.home" value="/Users/rgovindarasu"/>
    <property name="user.language" value="en"/>
    <property name="java.specification.vendor" value="Oracle Corporation"/>
    <property name="jdk.module.path" value="/Users/rgovindarasu/blt/tools/Darwin/jdk/openjdk_11.0.21.0.102_11.69.52_x64/zulu-11.jdk/Contents/Home/lib/sfdc/modules"/>
    <property name="java.security.properties" value="/Users/rgovindarasu/blt/tools/Darwin/jdk/openjdk_11.0.21.0.102_11.69.52_x64/zulu-11.jdk/Contents/Home/conf/security/sfdc.java.security"/>
    <property name="java.version.date" value="2024-01-16"/>
    <property name="java.home" value="/Users/rgovindarasu/blt/tools/Darwin/jdk/openjdk_11.0.21.0.102_11.69.52_x64/zulu-11.jdk/Contents/Home"/>
    <property name="file.separator" value="/"/>
    <property name="basedir" value="/Users/rgovindarasu/Desktop/jsondot/JsonDot"/>
    <property name="java.vm.compressedOopsMode" value="Zero based"/>
    <property name="line.separator" value="&#10;"/>
    <property name="java.specification.name" value="Java Platform API Specification"/>
    <property name="java.vm.specification.vendor" value="Oracle Corporation"/>
    <property name="jdk.vendor.version" value="Zulu11.69+52-SA"/>
    <property name="java.awt.graphicsenv" value="sun.awt.CGraphicsEnvironment"/>
    <property name="surefire.real.class.path" value="/Users/rgovindarasu/Desktop/jsondot/JsonDot/target/surefire/surefirebooter2405468084390421723.jar"/>
    <property name="sun.management.compiler" value="HotSpot 64-Bit Tiered Compilers"/>
    <property name="java.runtime.version" value="11.0.21.0.102+1-LTS"/>
    <property name="user.name" value="rgovindarasu"/>
    <property name="path.separator" value=":"/>
    <property name="os.version" value="15.4.1"/>
    <property name="java.runtime.name" value="OpenJDK Runtime Environment"/>
    <property name="file.encoding" value="UTF-8"/>
    <property name="java.vm.name" value="OpenJDK 64-Bit Server VM"/>
    <property name="java.vendor.version" value="Zulu11.69+52-SA"/>
    <property name="localRepository" value="/Users/rgovindarasu/.m2/repository"/>
    <property name="java.vendor.url.bug" value="http://www.azul.com/support/"/>
    <property name="java.io.tmpdir" value="/var/folders/d6/z80nm3lx4zq1nssk2pjh04100000gn/T/"/>
    <property name="java.version" value="11.0.21.0.102"/>
    <property name="user.dir" value="/Users/rgovindarasu/Desktop/jsondot/JsonDot"/>
    <property name="os.arch" value="x86_64"/>
    <property name="java.vm.specification.name" value="Java Virtual Machine Specification"/>
    <property name="java.awt.printerjob" value="sun.lwawt.macosx.CPrinterJob"/>
    <property name="sun.os.patch.level" value="unknown"/>
    <property name="java.library.path" value="/Users/rgovindarasu/Library/Java/Extensions:/Library/Java/Extensions:/Network/Library/Java/Extensions:/System/Library/Java/Extensions:/usr/lib/java:."/>
    <property name="java.vm.info" value="mixed mode"/>
    <property name="java.vendor" value="Azul Systems, Inc."/>
    <property name="java.vm.version" value="11.0.21.0.102+1-LTS"/>
    <property name="java.specification.maintenance.version" value="2"/>
    <property name="sun.io.unicode.encoding" value="UnicodeBig"/>
    <property name="java.class.version" value="55.0"/>
  </properties>
  <testcase name="testBasicOperations" classname="com.rgov.jsondot.JsonDotTest" time="0.175"/>
  <testcase name="testNestedObjectAccess" classname="com.rgov.jsondot.JsonDotTest" time="0"/>
  <testcase name="testArrayOperations" classname="com.rgov.jsondot.JsonDotTest" time="0.004"/>
  <testcase name="testPathSuggestions" classname="com.rgov.jsondot.JsonDotTest" time="0.002"/>
  <testcase name="testWildcardQueries" classname="com.rgov.jsondot.JsonDotTest" time="0.004"/>
  <testcase name="testArrayFiltering" classname="com.rgov.jsondot.JsonDotTest" time="0.004"/>
  <testcase name="testModifications" classname="com.rgov.jsondot.JsonDotTest" time="0.004"/>
  <testcase name="testXMLConversion" classname="com.rgov.jsondot.JsonDotTest" time="0.077"/>
  <testcase name="testErrorHandling" classname="com.rgov.jsondot.JsonDotTest" time="0.007"/>
  <testcase name="testComprehensivePathOperations" classname="com.rgov.jsondot.JsonDotTest" time="0.006"/>
  <testcase name="testMultiplePathOperations" classname="com.rgov.jsondot.JsonDotTest" time="0.009"/>
  <testcase name="testDeepMerge" classname="com.rgov.jsondot.JsonDotTest" time="0.006"/>
  <testcase name="testDeepMergeWithNull" classname="com.rgov.jsondot.JsonDotTest" time="0.002"/>
  <testcase name="testDeepMergeWithArrays" classname="com.rgov.jsondot.JsonDotTest" time="0.004"/>
  <testcase name="testIsValidJson" classname="com.rgov.jsondot.JsonDotTest" time="0.002"/>
  <testcase name="testToXml" classname="com.rgov.jsondot.JsonDotTest" time="0.006"/>
  <testcase name="testFromXml" classname="com.rgov.jsondot.JsonDotTest" time="0.005"/>
  <testcase name="testDeepMergeWithNulls" classname="com.rgov.jsondot.JsonDotTest" time="0.002"/>
  <testcase name="testOverwriteStrategy" classname="com.rgov.jsondot.JsonDotTest" time="0.005"/>
  <testcase name="testUpdateValues" classname="com.rgov.jsondot.JsonDotTest" time="0.004"/>
  <testcase name="testUpdateWithInvalidPaths" classname="com.rgov.jsondot.JsonDotTest" time="0.01"/>
  <testcase name="testWildcardArrayAddElement" classname="com.rgov.jsondot.JsonDotTest" time="0.002"/>
  <testcase name="testWildcardArrayRemoveElement" classname="com.rgov.jsondot.JsonDotTest" time="0"/>
  <testcase name="testWildcardArrayGet" classname="com.rgov.jsondot.JsonDotTest" time="0.001"/>
</testsuite>