<?xml version="1.0" encoding="UTF-8"?>
<testsuite xmlns:xsi="http://www.w3.org/2001/XMLSchema-instance" xsi:noNamespaceSchemaLocation="https://maven.apache.org/surefire/maven-surefire-plugin/xsd/surefire-test-report.xsd" name="org.coderscamp.jsondot.JsonDotTest" time="0.399" tests="25" errors="0" skipped="0" failures="0">
  <properties>
    <property name="java.specification.version" value="21"/>
    <property name="sun.cpu.isalist" value="amd64"/>
    <property name="sun.jnu.encoding" value="Cp1252"/>
    <property name="java.class.path" value="C:\Users\revat\MyProjects\JsonDot\target\test-classes;C:\Users\revat\MyProjects\JsonDot\target\classes;C:\Users\revat\.m2\repository\org\json\json\20231013\json-20231013.jar;C:\Users\revat\.m2\repository\com\fasterxml\jackson\core\jackson-databind\2.15.2\jackson-databind-2.15.2.jar;C:\Users\revat\.m2\repository\com\fasterxml\jackson\core\jackson-annotations\2.15.2\jackson-annotations-2.15.2.jar;C:\Users\revat\.m2\repository\com\fasterxml\jackson\core\jackson-core\2.15.2\jackson-core-2.15.2.jar;C:\Users\revat\.m2\repository\com\fasterxml\jackson\dataformat\jackson-dataformat-xml\2.15.2\jackson-dataformat-xml-2.15.2.jar;C:\Users\revat\.m2\repository\org\codehaus\woodstox\stax2-api\4.2.1\stax2-api-4.2.1.jar;C:\Users\revat\.m2\repository\com\fasterxml\woodstox\woodstox-core\6.5.1\woodstox-core-6.5.1.jar;C:\Users\revat\.m2\repository\junit\junit\4.13.2\junit-4.13.2.jar;C:\Users\revat\.m2\repository\org\hamcrest\hamcrest-core\1.3\hamcrest-core-1.3.jar;"/>
    <property name="java.vm.vendor" value="Oracle Corporation"/>
    <property name="sun.arch.data.model" value="64"/>
    <property name="user.variant" value=""/>
    <property name="java.vendor.url" value="https://java.oracle.com/"/>
    <property name="user.timezone" value="Asia/Calcutta"/>
    <property name="os.name" value="Windows 11"/>
    <property name="java.vm.specification.version" value="21"/>
    <property name="sun.java.launcher" value="SUN_STANDARD"/>
    <property name="user.country" value="US"/>
    <property name="sun.boot.library.path" value="C:\Program Files\Java\jdk-21\bin"/>
    <property name="sun.java.command" value="C:\Users\revat\AppData\Local\Temp\surefire4686470280629470432\surefirebooter16636422440465016827.jar C:\Users\revat\AppData\Local\Temp\surefire4686470280629470432 2025-04-26T17-24-48_390-jvmRun1 surefire12258941701148261336tmp surefire_01300124533376931469tmp"/>
    <property name="jdk.debug" value="release"/>
    <property name="surefire.test.class.path" value="C:\Users\revat\MyProjects\JsonDot\target\test-classes;C:\Users\revat\MyProjects\JsonDot\target\classes;C:\Users\revat\.m2\repository\org\json\json\20231013\json-20231013.jar;C:\Users\revat\.m2\repository\com\fasterxml\jackson\core\jackson-databind\2.15.2\jackson-databind-2.15.2.jar;C:\Users\revat\.m2\repository\com\fasterxml\jackson\core\jackson-annotations\2.15.2\jackson-annotations-2.15.2.jar;C:\Users\revat\.m2\repository\com\fasterxml\jackson\core\jackson-core\2.15.2\jackson-core-2.15.2.jar;C:\Users\revat\.m2\repository\com\fasterxml\jackson\dataformat\jackson-dataformat-xml\2.15.2\jackson-dataformat-xml-2.15.2.jar;C:\Users\revat\.m2\repository\org\codehaus\woodstox\stax2-api\4.2.1\stax2-api-4.2.1.jar;C:\Users\revat\.m2\repository\com\fasterxml\woodstox\woodstox-core\6.5.1\woodstox-core-6.5.1.jar;C:\Users\revat\.m2\repository\junit\junit\4.13.2\junit-4.13.2.jar;C:\Users\revat\.m2\repository\org\hamcrest\hamcrest-core\1.3\hamcrest-core-1.3.jar;"/>
    <property name="sun.cpu.endian" value="little"/>
    <property name="user.home" value="C:\Users\revat"/>
    <property name="user.language" value="en"/>
    <property name="java.specification.vendor" value="Oracle Corporation"/>
    <property name="java.version.date" value="2024-07-16"/>
    <property name="java.home" value="C:\Program Files\Java\jdk-21"/>
    <property name="file.separator" value="\"/>
    <property name="basedir" value="C:\Users\revat\MyProjects\JsonDot"/>
    <property name="java.vm.compressedOopsMode" value="Zero based"/>
    <property name="line.separator" value="&#10;"/>
    <property name="java.vm.specification.vendor" value="Oracle Corporation"/>
    <property name="java.specification.name" value="Java Platform API Specification"/>
    <property name="surefire.real.class.path" value="C:\Users\revat\AppData\Local\Temp\surefire4686470280629470432\surefirebooter16636422440465016827.jar"/>
    <property name="user.script" value=""/>
    <property name="sun.management.compiler" value="HotSpot 64-Bit Tiered Compilers"/>
    <property name="java.runtime.version" value="21.0.4+8-LTS-274"/>
    <property name="user.name" value="revat"/>
    <property name="stdout.encoding" value="Cp1252"/>
    <property name="path.separator" value=";"/>
    <property name="os.version" value="10.0"/>
    <property name="java.runtime.name" value="Java(TM) SE Runtime Environment"/>
    <property name="file.encoding" value="UTF-8"/>
    <property name="java.vm.name" value="Java HotSpot(TM) 64-Bit Server VM"/>
    <property name="localRepository" value="C:\Users\revat\.m2\repository"/>
    <property name="java.vendor.url.bug" value="https://bugreport.java.com/bugreport/"/>
    <property name="java.io.tmpdir" value="C:\Users\revat\AppData\Local\Temp\"/>
    <property name="java.version" value="21.0.4"/>
    <property name="user.dir" value="C:\Users\revat\MyProjects\JsonDot"/>
    <property name="os.arch" value="amd64"/>
    <property name="java.vm.specification.name" value="Java Virtual Machine Specification"/>
    <property name="sun.os.patch.level" value=""/>
    <property name="native.encoding" value="Cp1252"/>
    <property name="java.library.path" value="C:\Program Files\Java\jdk-21\bin;C:\WINDOWS\Sun\Java\bin;C:\WINDOWS\system32;C:\WINDOWS;C:\Program Files\Common Files\Oracle\Java\javapath;C:\Program Files\Eclipse Adoptium\jdk-21.0.4.7-hotspot\bin;C:\WINDOWS\system32;C:\WINDOWS;C:\WINDOWS\System32\Wbem;C:\WINDOWS\System32\WindowsPowerShell\v1.0\;C:\WINDOWS\System32\OpenSSH\;c:\Users\revat\AppData\Local\Programs\cursor\resources\app\bin;C:\Program Files\nodejs\;C:\Program Files\Git\cmd;C:\Program Files\Git\bin;C:\Maven\bin;C:\Program Files (x86)\Gpg4win\..\GnuPG\bin;C:\Users\revat\AppData\Local\Microsoft\WindowsApps;C:\Users\revat\AppData\Local\Programs\Microsoft VS Code\bin;C:\Users\revat\AppData\Local\Programs\cursor\resources\app\bin;C:\Users\revat\AppData\Roaming\npm;."/>
    <property name="java.vm.info" value="mixed mode, sharing"/>
    <property name="stderr.encoding" value="Cp1252"/>
    <property name="java.vendor" value="Oracle Corporation"/>
    <property name="java.vm.version" value="21.0.4+8-LTS-274"/>
    <property name="sun.io.unicode.encoding" value="UnicodeLittle"/>
    <property name="java.class.version" value="65.0"/>
  </properties>
  <testcase name="testArrayFiltering" classname="org.coderscamp.jsondot.JsonDotTest" time="0.156"/>
  <testcase name="testModifications" classname="org.coderscamp.jsondot.JsonDotTest" time="0.003"/>
  <testcase name="testXMLConversion" classname="org.coderscamp.jsondot.JsonDotTest" time="0.072"/>
  <testcase name="testErrorHandling" classname="org.coderscamp.jsondot.JsonDotTest" time="0.018"/>
  <testcase name="testIsValidJson" classname="org.coderscamp.jsondot.JsonDotTest" time="0"/>
  <testcase name="testUpdateValues" classname="org.coderscamp.jsondot.JsonDotTest" time="0.016"/>
  <testcase name="testFromXml" classname="org.coderscamp.jsondot.JsonDotTest" time="0"/>
  <testcase name="testDeepMerge" classname="org.coderscamp.jsondot.JsonDotTest" time="0"/>
  <testcase name="testPathSuggestions" classname="org.coderscamp.jsondot.JsonDotTest" time="0"/>
  <testcase name="testOverwriteStrategy" classname="org.coderscamp.jsondot.JsonDotTest" time="0.009"/>
  <testcase name="testWildcardArrayGet" classname="org.coderscamp.jsondot.JsonDotTest" time="0"/>
  <testcase name="testArrayOperations" classname="org.coderscamp.jsondot.JsonDotTest" time="0.008"/>
  <testcase name="testNestedObjectAccess" classname="org.coderscamp.jsondot.JsonDotTest" time="0.002"/>
  <testcase name="testWildcardQueries" classname="org.coderscamp.jsondot.JsonDotTest" time="0.001"/>
  <testcase name="testDeepMergeWithNulls" classname="org.coderscamp.jsondot.JsonDotTest" time="0.002"/>
  <testcase name="testDeepMergeWithNull" classname="org.coderscamp.jsondot.JsonDotTest" time="0.012"/>
  <testcase name="testBasicOperations" classname="org.coderscamp.jsondot.JsonDotTest" time="0.003"/>
  <testcase name="testDeepMergeWithArrays" classname="org.coderscamp.jsondot.JsonDotTest" time="0.003"/>
  <testcase name="testUpdateWithInvalidPaths" classname="org.coderscamp.jsondot.JsonDotTest" time="0"/>
  <testcase name="testMultiplePathOperations" classname="org.coderscamp.jsondot.JsonDotTest" time="0.013"/>
  <testcase name="testWildcardArrayAddElement" classname="org.coderscamp.jsondot.JsonDotTest" time="0.001"/>
  <testcase name="testWildcardArrayRemoveElement" classname="org.coderscamp.jsondot.JsonDotTest" time="0.001"/>
  <testcase name="testComprehensivePathOperations" classname="org.coderscamp.jsondot.JsonDotTest" time="0.009"/>
  <testcase name="testToXml" classname="org.coderscamp.jsondot.JsonDotTest" time="0"/>
  <testcase name="testDiff" classname="org.coderscamp.jsondot.JsonDotTest" time="0.005"/>
</testsuite>